<?xml version="1.0" encoding="UTF-8"?>
<testng-results skipped="0" failed="0" ignored="0" total="1" passed="1">
  <reporter-output>
  </reporter-output>
  <suite name="Default suite" duration-ms="28910" started-at="2018-06-08T03:20:21Z" finished-at="2018-06-08T03:20:50Z">
    <groups>
    </groups>
    <test name="Default test" duration-ms="28910" started-at="2018-06-08T03:20:21Z" finished-at="2018-06-08T03:20:50Z">
      <class name="com.talenTech.disney.DisneyLogin">
        <test-method status="PASS" signature="test1()[pri:0, instance:com.talenTech.disney.DisneyLogin@8b87145]" name="test1" duration-ms="28891" started-at="2018-06-08T03:20:21Z" finished-at="2018-06-08T03:20:50Z">
          <reporter-output>
          </reporter-output>
        </test-method> <!-- test1 -->
      </class> <!-- com.talenTech.disney.DisneyLogin -->
    </test> <!-- Default test -->
  </suite> <!-- Default suite -->
</testng-results>
